<?xml version="1.0" encoding="UTF-8"?>
<robot generator="Robot 7.3.1 (Python 3.13.3 on win32)" generated="2025-06-22T14:04:02.315965" rpa="false" schemaversion="5">
<suite id="s1" name="Conserto 2" source="C:\Users\ibrahima.alata\OneDrive - CONSERTO\Bureau\PROJET\CONSERTO\Conserto-1\Tests\TestSuites\Conserto\conserto_2.robot">
<test id="s1-t1" name="Automatisation du site conserto cas 2" line="32">
<kw name="Ouverture Navigateur" owner="Commun_conserto">
<kw name="Open Browser" owner="SeleniumLibrary">
<msg time="2025-06-22T14:04:02.619870" level="INFO">Opening browser 'edge' to base url 'https://conserto.pro/'.</msg>
<arg>${URL}</arg>
<arg>edge</arg>
<doc>Opens a new browser instance to the optional ``url``.</doc>
<status status="PASS" start="2025-06-22T14:04:02.619673" elapsed="2.002015"/>
</kw>
<kw name="Maximize Browser Window" owner="SeleniumLibrary">
<doc>Maximizes current browser window.</doc>
<status status="PASS" start="2025-06-22T14:04:04.621977" elapsed="0.075745"/>
</kw>
<kw name="Capture Et Sauvegarde" owner="Commun_conserto">
<kw name="Sleep" owner="BuiltIn">
<msg time="2025-06-22T14:04:07.699184" level="INFO">Slept 3 seconds.</msg>
<arg>3s</arg>
<doc>Pauses the test executed for the given time.</doc>
<status status="PASS" start="2025-06-22T14:04:04.698701" elapsed="3.000712"/>
</kw>
<kw name="Wait Until Keyword Succeeds" owner="BuiltIn">
<kw name="Capture Page Screenshot" owner="SeleniumLibrary">
<msg time="2025-06-22T14:04:08.158193" level="INFO" html="true">&lt;/td&gt;&lt;/tr&gt;&lt;tr&gt;&lt;td colspan="3"&gt;&lt;a href="Screenshot/capture_home.png"&gt;&lt;img src="Screenshot/capture_home.png" width="800px"&gt;&lt;/a&gt;</msg>
<arg>Screenshot/${image_name}.png</arg>
<doc>Takes a screenshot of the current page and embeds it into a log file.</doc>
<status status="PASS" start="2025-06-22T14:04:07.700356" elapsed="0.458007"/>
</kw>
<arg>10s</arg>
<arg>1s</arg>
<arg>Capture Page Screenshot</arg>
<arg>Screenshot/${image_name}.png</arg>
<doc>Runs the specified keyword and retries if it fails.</doc>
<status status="PASS" start="2025-06-22T14:04:07.699768" elapsed="0.458742"/>
</kw>
<arg>capture_home</arg>
<status status="PASS" start="2025-06-22T14:04:04.698021" elapsed="3.460605"/>
</kw>
<arg>${URL_CONSERTO}</arg>
<status status="PASS" start="2025-06-22T14:04:02.618896" elapsed="5.539814"/>
</kw>
<kw name="Page Accueil conserto" owner="Keywords">
<kw name="Log" owner="BuiltIn">
<msg time="2025-06-22T14:04:08.159707" level="INFO">Page Accueil - vérif du titre attendu :</msg>
<arg>Page Accueil - vérif du titre attendu :</arg>
<doc>Logs the given message with the given level.</doc>
<status status="PASS" start="2025-06-22T14:04:08.159561" elapsed="0.000244"/>
</kw>
<kw name="Verif title" owner="Keywords">
<kw name="Get Source" owner="SeleniumLibrary">
<msg time="2025-06-22T14:04:08.174493" level="INFO">${html} = &lt;html&gt;&lt;head&gt;
    &lt;meta charset="UTF-8"&gt;
    &lt;meta name="description" content="Positive Technologie"&gt;
    &lt;meta http-equiv="Content-Type" content="text/html; charset=UTF-8"&gt;
    &lt;meta http-equiv="X-UA-...</msg>
<var>${html}</var>
<doc>Returns the entire HTML source of the current page or frame.</doc>
<status status="PASS" start="2025-06-22T14:04:08.160383" elapsed="0.014210"/>
</kw>
<for flavor="IN">
<iter>
<kw name="Should Contain" owner="BuiltIn">
<arg>${html}</arg>
<arg>${titre}</arg>
<doc>Fails if ``container`` does not contain ``item`` one or more times.</doc>
<status status="PASS" start="2025-06-22T14:04:08.175310" elapsed="0.000302"/>
</kw>
<kw name="Set Variable" owner="BuiltIn">
<msg time="2025-06-22T14:04:08.176049" level="INFO">${log} = Conserto - La Transformation Numérique Agile et Harmonieuse</msg>
<var>${log}</var>
<arg>${titre}</arg>
<doc>Returns the given values which can then be assigned to a variables.</doc>
<status status="PASS" start="2025-06-22T14:04:08.175810" elapsed="0.000292"/>
</kw>
<kw name="Log" owner="BuiltIn">
<msg time="2025-06-22T14:04:08.176491" level="INFO">Conserto - La Transformation Numérique Agile et Harmonieuse</msg>
<arg>${log}</arg>
<doc>Logs the given message with the given level.</doc>
<status status="PASS" start="2025-06-22T14:04:08.176294" elapsed="0.000270"/>
</kw>
<kw name="Log To Console" owner="BuiltIn">
<arg>${log}</arg>
<doc>Logs the given message to the console.</doc>
<status status="PASS" start="2025-06-22T14:04:08.176735" elapsed="0.000409"/>
</kw>
<kw name="Title Should Be" owner="SeleniumLibrary">
<msg time="2025-06-22T14:04:08.184221" level="INFO">Page title is 'Conserto - La Transformation Numérique Agile et Harmonieuse'.</msg>
<arg>${Title}</arg>
<doc>Verifies that the current page title equals ``title``.</doc>
<status status="PASS" start="2025-06-22T14:04:08.177336" elapsed="0.007070"/>
</kw>
<var name="${titre}">Conserto - La Transformation Numérique Agile et Harmonieuse</var>
<status status="PASS" start="2025-06-22T14:04:08.175104" elapsed="0.009426"/>
</iter>
<var>${titre}</var>
<value>${Title}</value>
<status status="PASS" start="2025-06-22T14:04:08.174761" elapsed="0.009885"/>
</for>
<arg>${Title}</arg>
<status status="PASS" start="2025-06-22T14:04:08.160028" elapsed="0.024815"/>
</kw>
<arg>${Title_1}</arg>
<status status="PASS" start="2025-06-22T14:04:08.159160" elapsed="0.025803"/>
</kw>
<kw name="Conditions menu nav" owner="Keywords">
<kw name="Run Keyword And Return Status" owner="BuiltIn">
<kw name="Wait Until Page Contains" owner="SeleniumLibrary">
<arg>${texte}</arg>
<arg>10</arg>
<doc>Waits until ``text`` appears on the current page.</doc>
<status status="PASS" start="2025-06-22T14:04:08.186442" elapsed="0.023801"/>
</kw>
<msg time="2025-06-22T14:04:08.210507" level="INFO">${Action_1} = True</msg>
<var>${Action_1}</var>
<arg>Wait Until Page Contains</arg>
<arg>${texte}</arg>
<arg>10</arg>
<doc>Runs the given keyword with given arguments and returns the status as a Boolean value.</doc>
<status status="PASS" start="2025-06-22T14:04:08.186148" elapsed="0.024418"/>
</kw>
<kw name="Run Keyword And Return Status" owner="BuiltIn">
<kw name="Wait Until Element Is Visible" owner="SeleniumLibrary">
<arg>${Barre_de_nav}</arg>
<arg>10</arg>
<doc>Waits until the element ``locator`` is visible.</doc>
<status status="PASS" start="2025-06-22T14:04:08.211140" elapsed="0.029041"/>
</kw>
<msg time="2025-06-22T14:04:08.240480" level="INFO">${Action_2} = True</msg>
<var>${Action_2}</var>
<arg>Wait Until Element Is Visible</arg>
<arg>${Barre_de_nav}</arg>
<arg>10</arg>
<doc>Runs the given keyword with given arguments and returns the status as a Boolean value.</doc>
<status status="PASS" start="2025-06-22T14:04:08.210841" elapsed="0.029701"/>
</kw>
<kw name="Run Keyword And Return Status" owner="BuiltIn">
<kw name="Wait Until Keyword Succeeds" owner="BuiltIn">
<kw name="Wait Until Element Is Visible" owner="SeleniumLibrary">
<msg time="2025-06-22T14:04:13.714175" level="INFO" html="true">&lt;/td&gt;&lt;/tr&gt;&lt;tr&gt;&lt;td colspan="3"&gt;&lt;a href="selenium-screenshot-43.png"&gt;&lt;img src="selenium-screenshot-43.png" width="800px"&gt;&lt;/a&gt;</msg>
<msg time="2025-06-22T14:04:13.714542" level="FAIL">Element '//button[@class='mobile-menu-button']' not visible after 5 seconds.</msg>
<arg>${Mobile_menu}</arg>
<doc>Waits until the element ``locator`` is visible.</doc>
<status status="FAIL" start="2025-06-22T14:04:08.241643" elapsed="5.475795">Element '//button[@class='mobile-menu-button']' not visible after 5 seconds.</status>
</kw>
<msg time="2025-06-22T14:04:13.717607" level="FAIL">Keyword 'Wait Until Element Is Visible' failed after retrying for 5 seconds. The last error was: Element '//button[@class='mobile-menu-button']' not visible after 5 seconds.</msg>
<arg>5s</arg>
<arg>3s</arg>
<arg>Wait Until Element Is Visible</arg>
<arg>${Mobile_menu}</arg>
<doc>Runs the specified keyword and retries if it fails.</doc>
<status status="FAIL" start="2025-06-22T14:04:08.241216" elapsed="5.477436">Keyword 'Wait Until Element Is Visible' failed after retrying for 5 seconds. The last error was: Element '//button[@class='mobile-menu-button']' not visible after 5 seconds.</status>
</kw>
<msg time="2025-06-22T14:04:13.718933" level="INFO">${Action_3} = False</msg>
<var>${Action_3}</var>
<arg>Wait Until Keyword Succeeds</arg>
<arg>5s</arg>
<arg>3s</arg>
<arg>Wait Until Element Is Visible</arg>
<arg>${Mobile_menu}</arg>
<doc>Runs the given keyword with given arguments and returns the status as a Boolean value.</doc>
<status status="PASS" start="2025-06-22T14:04:08.240847" elapsed="5.478125"/>
</kw>
<kw name="Run Keyword If" owner="BuiltIn">
<kw name="Barre de Navigation" owner="Keywords">
<kw name="Wait Until Element Is Visible" owner="SeleniumLibrary">
<arg>${Barre_de_nav}</arg>
<arg>timeout=15s</arg>
<doc>Waits until the element ``locator`` is visible.</doc>
<status status="PASS" start="2025-06-22T14:04:13.719774" elapsed="0.017067"/>
</kw>
<kw name="Wait Until Keyword Succeeds" owner="BuiltIn">
<kw name="Element Should Be Visible" owner="SeleniumLibrary">
<msg time="2025-06-22T14:04:13.748665" level="INFO">Element '//nav[@id="nav-main" and @class="nav-main"]' is displayed.</msg>
<arg>${Barre_de_nav}</arg>
<doc>Verifies that the element identified by ``locator`` is visible.</doc>
<status status="PASS" start="2025-06-22T14:04:13.737291" elapsed="0.011459"/>
</kw>
<arg>5s</arg>
<arg>3s</arg>
<arg>Element Should Be Visible</arg>
<arg>${Barre_de_nav}</arg>
<doc>Runs the specified keyword and retries if it fails.</doc>
<status status="PASS" start="2025-06-22T14:04:13.737043" elapsed="0.011798"/>
</kw>
<kw name="Element Attribute Value Should Be" owner="SeleniumLibrary">
<msg time="2025-06-22T14:04:13.759612" level="INFO">Element '//nav[@id="nav-main" and @class="nav-main"]' attribute 'class' contains value 'nav-main'.</msg>
<arg>${Barre_de_nav}</arg>
<arg>class</arg>
<arg>nav-main</arg>
<doc>Verifies element identified by ``locator`` contains expected attribute value.</doc>
<status status="PASS" start="2025-06-22T14:04:13.748978" elapsed="0.010716"/>
</kw>
<kw name="Get Text" owner="SeleniumLibrary">
<msg time="2025-06-22T14:04:13.777678" level="INFO">${nav_value} = POSITIVE
TECHNOLOGIE
NOS CLIENTS
ACADEMY
BLOG
CONTACT</msg>
<var>${nav_value}</var>
<arg>${Barre_de_nav}</arg>
<doc>Returns the text value of the element identified by ``locator``.</doc>
<status status="PASS" start="2025-06-22T14:04:13.759855" elapsed="0.017865"/>
</kw>
<kw name="Run Keyword And Ignore Error" owner="BuiltIn">
<kw name="Capture Page Screenshot" owner="SeleniumLibrary">
<msg time="2025-06-22T14:04:14.096004" level="INFO" html="true">&lt;/td&gt;&lt;/tr&gt;&lt;tr&gt;&lt;td colspan="3"&gt;&lt;a href="selenium-screenshot-44.png"&gt;&lt;img src="selenium-screenshot-44.png" width="800px"&gt;&lt;/a&gt;</msg>
<doc>Takes a screenshot of the current page and embeds it into a log file.</doc>
<status status="PASS" start="2025-06-22T14:04:13.778038" elapsed="0.318261"/>
</kw>
<arg>Capture Page Screenshot</arg>
<doc>Runs the given keyword with the given arguments and ignores possible error.</doc>
<status status="PASS" start="2025-06-22T14:04:13.777886" elapsed="0.318717"/>
</kw>
<status status="PASS" start="2025-06-22T14:04:13.719477" elapsed="0.377484"/>
</kw>
<arg>${Action_1}</arg>
<arg>Barre de Navigation</arg>
<arg>ELSE IF</arg>
<arg>${Action_2}</arg>
<arg>Verif Elements bloc nav</arg>
<arg>ELSE IF</arg>
<arg>${Action_3}</arg>
<arg>Barre mobile nav</arg>
<doc>Runs the given keyword with the given arguments, if ``condition`` is true.</doc>
<status status="PASS" start="2025-06-22T14:04:13.719150" elapsed="0.378047"/>
</kw>
<if>
<branch type="IF" condition="'${texte}'=='***'">
<kw name="Log" owner="BuiltIn">
<arg>Aucune requête exécutée.</arg>
<doc>Logs the given message with the given level.</doc>
<status status="NOT RUN" start="2025-06-22T14:04:14.098850" elapsed="0.000159"/>
</kw>
<status status="NOT RUN" start="2025-06-22T14:04:14.097778" elapsed="0.001450"/>
</branch>
<status status="PASS" start="2025-06-22T14:04:14.097620" elapsed="0.001770"/>
</if>
<arg>Positive</arg>
<status status="PASS" start="2025-06-22T14:04:08.185581" elapsed="5.913985"/>
</kw>
<kw name="Close Browser" owner="SeleniumLibrary" type="TEARDOWN">
<doc>Closes the current browser.</doc>
<status status="PASS" start="2025-06-22T14:04:14.101291" elapsed="2.313442"/>
</kw>
<doc>Scénario CONSERTO-CON0001 : Vérifier quelques éléments du site conserto.
JDD : Salarié chez conserto, ayant une adresse mail et un mot de passe actifs.</doc>
<tag>CON0001</tag>
<tag>ETAT:Stable</tag>
<tag>PRIORITE:P1</tag>
<tag>TYPE:CONSERTO</tag>
<status status="PASS" start="2025-06-22T14:04:02.617960" elapsed="13.798188"/>
</test>
<doc>CONSERTO</doc>
<status status="PASS" start="2025-06-22T14:04:02.317418" elapsed="14.103735"/>
</suite>
<statistics>
<total>
<stat pass="1" fail="0" skip="0">All Tests</stat>
</total>
<tag>
<stat pass="1" fail="0" skip="0">CON0001</stat>
<stat pass="1" fail="0" skip="0">ETAT:Stable</stat>
<stat pass="1" fail="0" skip="0">PRIORITE:P1</stat>
<stat pass="1" fail="0" skip="0">TYPE:CONSERTO</stat>
</tag>
<suite>
<stat name="Conserto 2" id="s1" pass="1" fail="0" skip="0">Conserto 2</stat>
</suite>
</statistics>
<errors>
</errors>
</robot>
