<?xml version="1.0" encoding="UTF-8"?>
<robot generator="Robot 7.3.1 (Python 3.13.3 on win32)" generated="2025-06-20T14:57:31.302538" rpa="false" schemaversion="5">
<suite id="s1" name="Conserto" source="C:\Users\ibrahima.alata\OneDrive - CONSERTO\Bureau\PROJET\CONSERTO\Conserto-1\Tests\TestSuites\Conserto">
<suite id="s1-s1" name="Conserto 1" source="C:\Users\ibrahima.alata\OneDrive - CONSERTO\Bureau\PROJET\CONSERTO\Conserto-1\Tests\TestSuites\Conserto\Conserto_1.robot">
<test id="s1-s1-t1" name="Automatisation du site conserto" line="32">
<kw name="Ouverture Navigateur" owner="Commun_conserto">
<msg time="2025-06-20T14:57:31.829030" level="FAIL">Keyword 'Commun_conserto.Ouverture Navigateur' expected 1 argument, got 2.</msg>
<arg>${URL_CONSERTO}</arg>
<arg>${BROWSER}</arg>
<status status="FAIL" start="2025-06-20T14:57:31.828811" elapsed="0.000282">Keyword 'Commun_conserto.Ouverture Navigateur' expected 1 argument, got 2.</status>
</kw>
<kw name="Page d'accueil de Conserto" owner="Keywords">
<arg>${Title_1}</arg>
<status status="NOT RUN" start="2025-06-20T14:57:31.829471" elapsed="0.000048"/>
</kw>
<kw name="Nettoyer Dossier Logs" owner="Keywords">
<status status="NOT RUN" start="2025-06-20T14:57:31.829782" elapsed="0.000038"/>
</kw>
<kw name="Close Browser" owner="SeleniumLibrary" type="TEARDOWN">
<doc>Closes the current browser.</doc>
<status status="PASS" start="2025-06-20T14:57:31.830746" elapsed="0.000158"/>
</kw>
<doc>Scénario CONSERTO-CON0001 : Vérifier quelques éléments du site conserto.
JDD : Salarié chez conserto, ayant une adresse mail et un mot de passe actifs.</doc>
<tag>CON0001</tag>
<tag>ETAT:Stable</tag>
<tag>PRIORITE:P1</tag>
<tag>TYPE:CONSERTO</tag>
<status status="FAIL" start="2025-06-20T14:57:31.827722" elapsed="0.003358">Keyword 'Commun_conserto.Ouverture Navigateur' expected 1 argument, got 2.</status>
</test>
<doc>CONSERTO</doc>
<status status="FAIL" start="2025-06-20T14:57:31.338341" elapsed="0.493752"/>
</suite>
<suite id="s1-s2" name="Conserto 2" source="C:\Users\ibrahima.alata\OneDrive - CONSERTO\Bureau\PROJET\CONSERTO\Conserto-1\Tests\TestSuites\Conserto\Conserto_2.robot">
<test id="s1-s2-t1" name="Automatisation du site conserto cas 2" line="32">
<kw name="Lancer Chrome En Headless" owner="Commun_conserto">
<kw name="Evaluate" owner="BuiltIn">
<msg time="2025-06-20T14:57:31.847985" level="INFO">${options} = &lt;selenium.webdriver.chrome.options.Options object at 0x0000027F8D17CEC0&gt;</msg>
<var>${options}</var>
<arg>sys.modules['selenium.webdriver'].ChromeOptions()</arg>
<arg>sys</arg>
<doc>Evaluates the given expression in Python and returns the result.</doc>
<status status="PASS" start="2025-06-20T14:57:31.847565" elapsed="0.000479"/>
</kw>
<kw name="Call Method" owner="BuiltIn">
<arg>${options}</arg>
<arg>add_argument</arg>
<arg>--headless</arg>
<doc>Calls the named method of the given object with the provided arguments.</doc>
<status status="PASS" start="2025-06-20T14:57:31.848199" elapsed="0.000177"/>
</kw>
<kw name="Call Method" owner="BuiltIn">
<msg time="2025-06-20T14:57:31.848757" level="FAIL">Calling method 'add_argument' failed: TypeError: ArgOptions.add_argument() got an unexpected keyword argument '--window-size'</msg>
<arg>${options}</arg>
<arg>add_argument</arg>
<arg>--window-size=1920,1080</arg>
<doc>Calls the named method of the given object with the provided arguments.</doc>
<status status="FAIL" start="2025-06-20T14:57:31.848495" elapsed="0.000470">Calling method 'add_argument' failed: TypeError: ArgOptions.add_argument() got an unexpected keyword argument '--window-size'</status>
</kw>
<kw name="Open Browser" owner="SeleniumLibrary">
<arg>${URL}</arg>
<arg>chrome</arg>
<arg>options=${options}</arg>
<doc>Opens a new browser instance to the optional ``url``.</doc>
<status status="NOT RUN" start="2025-06-20T14:57:31.849151" elapsed="0.000034"/>
</kw>
<kw name="Maximize Brows" owner="Commun_conserto">
<status status="NOT RUN" start="2025-06-20T14:57:31.849337" elapsed="0.000040"/>
</kw>
<kw name="Capture Et Sauvegarde" owner="Commun_conserto">
<arg>capture_home</arg>
<status status="NOT RUN" start="2025-06-20T14:57:31.849494" elapsed="0.000035"/>
</kw>
<arg>${URL_CONSERTO}</arg>
<status status="FAIL" start="2025-06-20T14:57:31.846825" elapsed="0.002836">Calling method 'add_argument' failed: TypeError: ArgOptions.add_argument() got an unexpected keyword argument '--window-size'</status>
</kw>
<kw name="Page d'accueil de Conserto cas 2" owner="Keywords">
<arg>${Title_1}</arg>
<status status="NOT RUN" start="2025-06-20T14:57:31.850035" elapsed="0.000041"/>
</kw>
<kw name="Nettoyer Dossier Logs" owner="Keywords">
<status status="NOT RUN" start="2025-06-20T14:57:31.850320" elapsed="0.000034"/>
</kw>
<kw name="Values nav" owner="Keywords">
<arg>Positive</arg>
<status status="NOT RUN" start="2025-06-20T14:57:31.850708" elapsed="0.000038"/>
</kw>
<kw name="Close Browser" owner="SeleniumLibrary" type="TEARDOWN">
<doc>Closes the current browser.</doc>
<status status="PASS" start="2025-06-20T14:57:31.851067" elapsed="0.000140"/>
</kw>
<doc>Scénario CONSERTO-CON0001 : Vérifier quelques éléments du site conserto.
JDD : Salarié chez conserto, ayant une adresse mail et un mot de passe actifs.</doc>
<tag>CON0001</tag>
<tag>ETAT:Stable</tag>
<tag>PRIORITE:P1</tag>
<tag>TYPE:CONSERTO</tag>
<status status="FAIL" start="2025-06-20T14:57:31.845749" elapsed="0.005582">Calling method 'add_argument' failed: TypeError: ArgOptions.add_argument() got an unexpected keyword argument '--window-size'</status>
</test>
<doc>CONSERTO</doc>
<status status="FAIL" start="2025-06-20T14:57:31.833089" elapsed="0.019163"/>
</suite>
<status status="FAIL" start="2025-06-20T14:57:31.304283" elapsed="0.548886"/>
</suite>
<statistics>
<total>
<stat pass="0" fail="2" skip="0">All Tests</stat>
</total>
<tag>
<stat pass="0" fail="2" skip="0">CON0001</stat>
<stat pass="0" fail="2" skip="0">ETAT:Stable</stat>
<stat pass="0" fail="2" skip="0">PRIORITE:P1</stat>
<stat pass="0" fail="2" skip="0">TYPE:CONSERTO</stat>
</tag>
<suite>
<stat name="Conserto" id="s1" pass="0" fail="2" skip="0">Conserto</stat>
<stat name="Conserto 1" id="s1-s1" pass="0" fail="1" skip="0">Conserto.Conserto 1</stat>
<stat name="Conserto 2" id="s1-s2" pass="0" fail="1" skip="0">Conserto.Conserto 2</stat>
</suite>
</statistics>
<errors>
</errors>
</robot>
