<?xml version="1.0" encoding="UTF-8"?>
<robot generator="Robot 7.3 (Python 3.13.3 on win32)" generated="2025-06-13T10:06:05.264003" rpa="false" schemaversion="5">
<suite id="s1" name="Tests" source="C:\Users\ibrahima.alata\OneDrive - CONSERTO\Bureau\PROJET\CONSERTO\Conserto-1\Tests">
<suite id="s1-s1" name="TestSuites" source="C:\Users\ibrahima.alata\OneDrive - CONSERTO\Bureau\PROJET\CONSERTO\Conserto-1\Tests\TestSuites">
<suite id="s1-s1-s1" name="Conserto" source="C:\Users\ibrahima.alata\OneDrive - CONSERTO\Bureau\PROJET\CONSERTO\Conserto-1\Tests\TestSuites\Conserto">
<suite id="s1-s1-s1-s1" name="Conserto 1" source="C:\Users\ibrahima.alata\OneDrive - CONSERTO\Bureau\PROJET\CONSERTO\Conserto-1\Tests\TestSuites\Conserto\Conserto_1.robot">
<test id="s1-s1-s1-s1-t1" name="Automatisation du site conserto" line="30">
<kw name="Ouverture Navigateur" owner="Commun_conserto">
<kw name="Open Browser" owner="SeleniumLibrary">
<msg time="2025-06-13T10:06:05.766205" level="INFO">Opening browser 'chrome' to base url 'https://conserto.pro/'.</msg>
<arg>${URL}</arg>
<arg>${browser}</arg>
<doc>Opens a new browser instance to the optional ``url``.</doc>
<status status="PASS" start="2025-06-13T10:06:05.765969" elapsed="1.946385"/>
</kw>
<kw name="AWait Browser Ready And Complete" owner="Commun_conserto">
<kw name="Wait Until Page Is Loaded" owner="Commun_conserto">
<kw name="Wait Until Keyword Succeeds" owner="BuiltIn">
<kw name="Execute Javascript" owner="SeleniumLibrary">
<msg time="2025-06-13T10:06:07.714860" level="INFO">Executing JavaScript:
return document.readyState == "complete"
Without any arguments.</msg>
<arg>return document.readyState == "complete"</arg>
<doc>Executes the given JavaScript code with possible arguments.</doc>
<status status="PASS" start="2025-06-13T10:06:07.714244" elapsed="0.007103"/>
</kw>
<arg>10s</arg>
<arg>1s</arg>
<arg>Execute JavaScript</arg>
<arg>return document.readyState == "complete"</arg>
<doc>Runs the specified keyword and retries if it fails.</doc>
<status status="PASS" start="2025-06-13T10:06:07.713793" elapsed="0.007714"/>
</kw>
<status status="PASS" start="2025-06-13T10:06:07.713419" elapsed="0.008224"/>
</kw>
<status status="PASS" start="2025-06-13T10:06:07.712836" elapsed="0.008904"/>
</kw>
<kw name="Maximize Browser Window" owner="SeleniumLibrary">
<doc>Maximizes current browser window.</doc>
<status status="PASS" start="2025-06-13T10:06:07.721929" elapsed="0.049368"/>
</kw>
<kw name="Sleep" owner="BuiltIn">
<msg time="2025-06-13T10:06:08.272295" level="INFO">Slept 500 milliseconds.</msg>
<arg>0.5s</arg>
<doc>Pauses the test executed for the given time.</doc>
<status status="PASS" start="2025-06-13T10:06:07.771584" elapsed="0.500828"/>
</kw>
<kw name="Capture Et Sauvegarde" owner="Commun_conserto">
<kw name="Wait Until Keyword Succeeds" owner="BuiltIn">
<kw name="Capture Page Screenshot" owner="SeleniumLibrary">
<msg time="2025-06-13T10:06:08.583596" level="INFO" html="true">&lt;/td&gt;&lt;/tr&gt;&lt;tr&gt;&lt;td colspan="3"&gt;&lt;a href="Screenshot/capture_home.png"&gt;&lt;img src="Screenshot/capture_home.png" width="800px"&gt;&lt;/a&gt;</msg>
<arg>Screenshot/${image_name}.png</arg>
<doc>Takes a screenshot of the current page and embeds it into a log file.</doc>
<status status="PASS" start="2025-06-13T10:06:08.273292" elapsed="0.310451"/>
</kw>
<arg>10s</arg>
<arg>1s</arg>
<arg>Capture Page Screenshot</arg>
<arg>Screenshot/${image_name}.png</arg>
<doc>Runs the specified keyword and retries if it fails.</doc>
<status status="PASS" start="2025-06-13T10:06:08.273023" elapsed="0.310857"/>
</kw>
<arg>capture_home</arg>
<status status="PASS" start="2025-06-13T10:06:08.272666" elapsed="0.311347"/>
</kw>
<arg>${URL_CONSERTO}</arg>
<arg>browser=${BROWSER}</arg>
<status status="PASS" start="2025-06-13T10:06:05.765136" elapsed="2.818963"/>
</kw>
<kw name="Vérifier la page d'accueil de Conserto" owner="Commun_conserto">
<kw name="Title Should Be" owner="SeleniumLibrary">
<msg time="2025-06-13T10:06:08.590929" level="INFO">Page title is 'Conserto - La Transformation Numérique Agile et Harmonieuse'.</msg>
<arg>${Title}</arg>
<doc>Verifies that the current page title equals ``title``.</doc>
<status status="PASS" start="2025-06-13T10:06:08.584871" elapsed="0.006165"/>
</kw>
<kw name="Page Should Contain Element" owner="SeleniumLibrary">
<msg time="2025-06-13T10:06:08.602725" level="INFO">Current page contains element 'xpath=//*[contains(text(), 'Positive') and contains(text(), 'Technologie')]'.</msg>
<arg>xpath=//*[contains(text(), 'Positive') and contains(text(), 'Technologie')]</arg>
<doc>Verifies that element ``locator`` is found on the current page.</doc>
<status status="PASS" start="2025-06-13T10:06:08.591211" elapsed="0.011624"/>
</kw>
<kw name="Sleep" owner="BuiltIn">
<msg time="2025-06-13T10:06:09.103705" level="INFO">Slept 500 milliseconds.</msg>
<arg>0.5s</arg>
<doc>Pauses the test executed for the given time.</doc>
<status status="PASS" start="2025-06-13T10:06:08.603019" elapsed="0.500844"/>
</kw>
<kw name="Vérifier quelques mots avec une boucle" owner="Commun_conserto">
<kw name="Get Source" owner="SeleniumLibrary">
<msg time="2025-06-13T10:06:09.116961" level="INFO">${html} = &lt;html&gt;&lt;head&gt;
    &lt;meta charset="UTF-8"&gt;
    &lt;meta name="description" content="Positive Technologie"&gt;
    &lt;meta http-equiv="Content-Type" content="text/html; charset=UTF-8"&gt;
    &lt;meta http-equiv="X-UA-...</msg>
<var>${html}</var>
<doc>Returns the entire HTML source of the current page or frame.</doc>
<status status="PASS" start="2025-06-13T10:06:09.104584" elapsed="0.012443"/>
</kw>
<for flavor="IN">
<iter>
<kw name="Should Contain" owner="BuiltIn">
<arg>${html}</arg>
<arg>${mot}</arg>
<doc>Fails if ``container`` does not contain ``item`` one or more times.</doc>
<status status="PASS" start="2025-06-13T10:06:09.117596" elapsed="0.000258"/>
</kw>
<kw name="Set Variable" owner="BuiltIn">
<msg time="2025-06-13T10:06:09.118222" level="INFO">${log} = Conserto - La Transformation Numérique Agile et Harmonieuse</msg>
<var>${log}</var>
<arg>${mot}</arg>
<doc>Returns the given values which can then be assigned to a variables.</doc>
<status status="PASS" start="2025-06-13T10:06:09.118008" elapsed="0.000255"/>
</kw>
<kw name="Log" owner="BuiltIn">
<msg time="2025-06-13T10:06:09.118579" level="INFO">Conserto - La Transformation Numérique Agile et Harmonieuse</msg>
<arg>${log}</arg>
<doc>Logs the given message with the given level.</doc>
<status status="PASS" start="2025-06-13T10:06:09.118408" elapsed="0.000233"/>
</kw>
<kw name="Log To Console" owner="BuiltIn">
<arg>${log}</arg>
<doc>Logs the given message to the console.</doc>
<status status="PASS" start="2025-06-13T10:06:09.118776" elapsed="0.000430"/>
</kw>
<var name="${mot}">Conserto - La Transformation Numérique Agile et Harmonieuse</var>
<status status="PASS" start="2025-06-13T10:06:09.117428" elapsed="0.001860"/>
</iter>
<iter>
<kw name="Should Contain" owner="BuiltIn">
<arg>${html}</arg>
<arg>${mot}</arg>
<doc>Fails if ``container`` does not contain ``item`` one or more times.</doc>
<status status="PASS" start="2025-06-13T10:06:09.119690" elapsed="0.000217"/>
</kw>
<kw name="Set Variable" owner="BuiltIn">
<msg time="2025-06-13T10:06:09.120808" level="INFO">${log} = Dev</msg>
<var>${log}</var>
<arg>${mot}</arg>
<doc>Returns the given values which can then be assigned to a variables.</doc>
<status status="PASS" start="2025-06-13T10:06:09.120058" elapsed="0.000795"/>
</kw>
<kw name="Log" owner="BuiltIn">
<msg time="2025-06-13T10:06:09.121164" level="INFO">Dev</msg>
<arg>${log}</arg>
<doc>Logs the given message with the given level.</doc>
<status status="PASS" start="2025-06-13T10:06:09.121007" elapsed="0.000219"/>
</kw>
<kw name="Log To Console" owner="BuiltIn">
<arg>${log}</arg>
<doc>Logs the given message to the console.</doc>
<status status="PASS" start="2025-06-13T10:06:09.121372" elapsed="0.000387"/>
</kw>
<var name="${mot}">Dev</var>
<status status="PASS" start="2025-06-13T10:06:09.119531" elapsed="0.002334"/>
</iter>
<iter>
<kw name="Should Contain" owner="BuiltIn">
<arg>${html}</arg>
<arg>${mot}</arg>
<doc>Fails if ``container`` does not contain ``item`` one or more times.</doc>
<status status="PASS" start="2025-06-13T10:06:09.122455" elapsed="0.000225"/>
</kw>
<kw name="Set Variable" owner="BuiltIn">
<msg time="2025-06-13T10:06:09.123025" level="INFO">${log} = DevOps</msg>
<var>${log}</var>
<arg>${mot}</arg>
<doc>Returns the given values which can then be assigned to a variables.</doc>
<status status="PASS" start="2025-06-13T10:06:09.122832" elapsed="0.000232"/>
</kw>
<kw name="Log" owner="BuiltIn">
<msg time="2025-06-13T10:06:09.123370" level="INFO">DevOps</msg>
<arg>${log}</arg>
<doc>Logs the given message with the given level.</doc>
<status status="PASS" start="2025-06-13T10:06:09.123217" elapsed="0.000215"/>
</kw>
<kw name="Log To Console" owner="BuiltIn">
<arg>${log}</arg>
<doc>Logs the given message to the console.</doc>
<status status="PASS" start="2025-06-13T10:06:09.123569" elapsed="0.000351"/>
</kw>
<var name="${mot}">DevOps</var>
<status status="PASS" start="2025-06-13T10:06:09.122308" elapsed="0.001692"/>
</iter>
<iter>
<kw name="Should Contain" owner="BuiltIn">
<arg>${html}</arg>
<arg>${mot}</arg>
<doc>Fails if ``container`` does not contain ``item`` one or more times.</doc>
<status status="PASS" start="2025-06-13T10:06:09.124276" elapsed="0.000264"/>
</kw>
<kw name="Set Variable" owner="BuiltIn">
<msg time="2025-06-13T10:06:09.125082" level="INFO">${log} = Infra/Cloud</msg>
<var>${log}</var>
<arg>${mot}</arg>
<doc>Returns the given values which can then be assigned to a variables.</doc>
<status status="PASS" start="2025-06-13T10:06:09.124766" elapsed="0.000386"/>
</kw>
<kw name="Log" owner="BuiltIn">
<msg time="2025-06-13T10:06:09.125625" level="INFO">Infra/Cloud</msg>
<arg>${log}</arg>
<doc>Logs the given message with the given level.</doc>
<status status="PASS" start="2025-06-13T10:06:09.125383" elapsed="0.000341"/>
</kw>
<kw name="Log To Console" owner="BuiltIn">
<arg>${log}</arg>
<doc>Logs the given message to the console.</doc>
<status status="PASS" start="2025-06-13T10:06:09.125952" elapsed="0.000499"/>
</kw>
<var name="${mot}">Infra/Cloud</var>
<status status="PASS" start="2025-06-13T10:06:09.124154" elapsed="0.002395"/>
</iter>
<iter>
<kw name="Should Contain" owner="BuiltIn">
<arg>${html}</arg>
<arg>${mot}</arg>
<doc>Fails if ``container`` does not contain ``item`` one or more times.</doc>
<status status="PASS" start="2025-06-13T10:06:09.126879" elapsed="0.000221"/>
</kw>
<kw name="Set Variable" owner="BuiltIn">
<msg time="2025-06-13T10:06:09.127462" level="INFO">${log} = Agilité</msg>
<var>${log}</var>
<arg>${mot}</arg>
<doc>Returns the given values which can then be assigned to a variables.</doc>
<status status="PASS" start="2025-06-13T10:06:09.127251" elapsed="0.000250"/>
</kw>
<kw name="Log" owner="BuiltIn">
<msg time="2025-06-13T10:06:09.127770" level="INFO">Agilité</msg>
<arg>${log}</arg>
<doc>Logs the given message with the given level.</doc>
<status status="PASS" start="2025-06-13T10:06:09.127633" elapsed="0.000192"/>
</kw>
<kw name="Log To Console" owner="BuiltIn">
<arg>${log}</arg>
<doc>Logs the given message to the console.</doc>
<status status="PASS" start="2025-06-13T10:06:09.127948" elapsed="0.000358"/>
</kw>
<var name="${mot}">Agilité</var>
<status status="PASS" start="2025-06-13T10:06:09.126735" elapsed="0.001642"/>
</iter>
<iter>
<kw name="Should Contain" owner="BuiltIn">
<arg>${html}</arg>
<arg>${mot}</arg>
<doc>Fails if ``container`` does not contain ``item`` one or more times.</doc>
<status status="PASS" start="2025-06-13T10:06:09.128646" elapsed="0.000190"/>
</kw>
<kw name="Set Variable" owner="BuiltIn">
<msg time="2025-06-13T10:06:09.129217" level="INFO">${log} = Agence Web</msg>
<var>${log}</var>
<arg>${mot}</arg>
<doc>Returns the given values which can then be assigned to a variables.</doc>
<status status="PASS" start="2025-06-13T10:06:09.128974" elapsed="0.000295"/>
</kw>
<kw name="Log" owner="BuiltIn">
<msg time="2025-06-13T10:06:09.129610" level="INFO">Agence Web</msg>
<arg>${log}</arg>
<doc>Logs the given message with the given level.</doc>
<status status="PASS" start="2025-06-13T10:06:09.129450" elapsed="0.000214"/>
</kw>
<kw name="Log To Console" owner="BuiltIn">
<arg>${log}</arg>
<doc>Logs the given message to the console.</doc>
<status status="PASS" start="2025-06-13T10:06:09.129788" elapsed="0.000380"/>
</kw>
<var name="${mot}">Agence Web</var>
<status status="PASS" start="2025-06-13T10:06:09.128533" elapsed="0.001704"/>
</iter>
<iter>
<kw name="Should Contain" owner="BuiltIn">
<arg>${html}</arg>
<arg>${mot}</arg>
<doc>Fails if ``container`` does not contain ``item`` one or more times.</doc>
<status status="PASS" start="2025-06-13T10:06:09.130501" elapsed="0.000213"/>
</kw>
<kw name="Set Variable" owner="BuiltIn">
<msg time="2025-06-13T10:06:09.131023" level="INFO">${log} = Culture Agile</msg>
<var>${log}</var>
<arg>${mot}</arg>
<doc>Returns the given values which can then be assigned to a variables.</doc>
<status status="PASS" start="2025-06-13T10:06:09.130844" elapsed="0.000213"/>
</kw>
<kw name="Log" owner="BuiltIn">
<msg time="2025-06-13T10:06:09.131320" level="INFO">Culture Agile</msg>
<arg>${log}</arg>
<doc>Logs the given message with the given level.</doc>
<status status="PASS" start="2025-06-13T10:06:09.131186" elapsed="0.000187"/>
</kw>
<kw name="Log To Console" owner="BuiltIn">
<arg>${log}</arg>
<doc>Logs the given message to the console.</doc>
<status status="PASS" start="2025-06-13T10:06:09.131492" elapsed="0.000305"/>
</kw>
<var name="${mot}">Culture Agile</var>
<status status="PASS" start="2025-06-13T10:06:09.130392" elapsed="0.001491"/>
</iter>
<iter>
<kw name="Should Contain" owner="BuiltIn">
<arg>${html}</arg>
<arg>${mot}</arg>
<doc>Fails if ``container`` does not contain ``item`` one or more times.</doc>
<status status="PASS" start="2025-06-13T10:06:09.132144" elapsed="0.000205"/>
</kw>
<kw name="Set Variable" owner="BuiltIn">
<msg time="2025-06-13T10:06:09.132638" level="INFO">${log} = Positive Technologie</msg>
<var>${log}</var>
<arg>${mot}</arg>
<doc>Returns the given values which can then be assigned to a variables.</doc>
<status status="PASS" start="2025-06-13T10:06:09.132483" elapsed="0.000191"/>
</kw>
<kw name="Log" owner="BuiltIn">
<msg time="2025-06-13T10:06:09.132923" level="INFO">Positive Technologie</msg>
<arg>${log}</arg>
<doc>Logs the given message with the given level.</doc>
<status status="PASS" start="2025-06-13T10:06:09.132787" elapsed="0.000183"/>
</kw>
<kw name="Log To Console" owner="BuiltIn">
<arg>${log}</arg>
<doc>Logs the given message to the console.</doc>
<status status="PASS" start="2025-06-13T10:06:09.133075" elapsed="0.000347"/>
</kw>
<var name="${mot}">Positive Technologie</var>
<status status="PASS" start="2025-06-13T10:06:09.132046" elapsed="0.001439"/>
</iter>
<var>${mot}</var>
<value>@{mots_attendus}</value>
<status status="PASS" start="2025-06-13T10:06:09.117151" elapsed="0.016386"/>
</for>
<status status="PASS" start="2025-06-13T10:06:09.104220" elapsed="0.029436"/>
</kw>
<arg>${Title_1}</arg>
<status status="PASS" start="2025-06-13T10:06:08.584514" elapsed="0.549206"/>
</kw>
<kw name="Action Scroll" owner="Commun_conserto">
<kw name="Wait Until Keyword Succeeds" owner="BuiltIn">
<kw name="Wait Until Element Is Visible" owner="SeleniumLibrary">
<arg>${element}</arg>
<arg>60</arg>
<doc>Waits until the element ``locator`` is visible.</doc>
<status status="PASS" start="2025-06-13T10:06:09.134565" elapsed="0.092778"/>
</kw>
<arg>2 x</arg>
<arg>2 s</arg>
<arg>Wait Until Element Is Visible</arg>
<arg>${element}</arg>
<arg>60</arg>
<doc>Runs the specified keyword and retries if it fails.</doc>
<status status="PASS" start="2025-06-13T10:06:09.134345" elapsed="0.093171"/>
</kw>
<kw name="Scroll Element Into View" owner="SeleniumLibrary">
<arg>${element}</arg>
<doc>Scrolls the element identified by ``locator`` into view.</doc>
<status status="PASS" start="2025-06-13T10:06:09.227781" elapsed="0.288281"/>
</kw>
<arg>${footer}</arg>
<status status="PASS" start="2025-06-13T10:06:09.134055" elapsed="0.382836"/>
</kw>
<kw name="Capture Et Sauvegarde" owner="Commun_conserto">
<kw name="Wait Until Keyword Succeeds" owner="BuiltIn">
<kw name="Capture Page Screenshot" owner="SeleniumLibrary">
<msg time="2025-06-13T10:06:09.771002" level="INFO" html="true">&lt;/td&gt;&lt;/tr&gt;&lt;tr&gt;&lt;td colspan="3"&gt;&lt;a href="Screenshot/capture_footer.png"&gt;&lt;img src="Screenshot/capture_footer.png" width="800px"&gt;&lt;/a&gt;</msg>
<arg>Screenshot/${image_name}.png</arg>
<doc>Takes a screenshot of the current page and embeds it into a log file.</doc>
<status status="PASS" start="2025-06-13T10:06:09.520493" elapsed="0.250714"/>
</kw>
<arg>10s</arg>
<arg>1s</arg>
<arg>Capture Page Screenshot</arg>
<arg>Screenshot/${image_name}.png</arg>
<doc>Runs the specified keyword and retries if it fails.</doc>
<status status="PASS" start="2025-06-13T10:06:09.519478" elapsed="0.251865"/>
</kw>
<arg>capture_footer</arg>
<status status="PASS" start="2025-06-13T10:06:09.518262" elapsed="0.253248"/>
</kw>
<kw name="Nettoyer Dossier Logs" owner="Commun_conserto">
<kw name="Create Directory" owner="OperatingSystem">
<msg time="2025-06-13T10:06:09.772635" level="INFO" html="true">Directory '&lt;a href="file://C:\Users\ibrahima.alata\OneDrive - CONSERTO\Bureau\PROJET\CONSERTO\Conserto-1\Logs"&gt;C:\Users\ibrahima.alata\OneDrive - CONSERTO\Bureau\PROJET\CONSERTO\Conserto-1\Logs&lt;/a&gt;' already exists.</msg>
<arg>${destination}</arg>
<doc>Creates the specified directory.</doc>
<status status="PASS" start="2025-06-13T10:06:09.772365" elapsed="0.000332"/>
</kw>
<status status="PASS" start="2025-06-13T10:06:09.771986" elapsed="0.000787"/>
</kw>
<kw name="Close Browser" owner="SeleniumLibrary" type="TEARDOWN">
<doc>Closes the current browser.</doc>
<status status="PASS" start="2025-06-13T10:06:09.773129" elapsed="2.237790"/>
</kw>
<doc>Scénario CONSERTO-CON0001 : Vérifier quelques éléments du site conserto.
JDD : Salarié chez conserto, ayant une adresse mail et un mot de passe actifs.</doc>
<tag>CON0001</tag>
<tag>ETAT:Stable</tag>
<tag>PRIORITE:P1</tag>
<tag>TYPE:CONSERTO</tag>
<status status="PASS" start="2025-06-13T10:06:05.764172" elapsed="6.247697"/>
</test>
<doc>CONSERTO</doc>
<status status="PASS" start="2025-06-13T10:06:05.308567" elapsed="6.707232"/>
</suite>
<status status="PASS" start="2025-06-13T10:06:05.307143" elapsed="6.713764"/>
</suite>
<status status="PASS" start="2025-06-13T10:06:05.305321" elapsed="6.721116"/>
</suite>
<status status="PASS" start="2025-06-13T10:06:05.266909" elapsed="6.764847"/>
</suite>
<statistics>
<total>
<stat pass="1" fail="0" skip="0">All Tests</stat>
</total>
<tag>
<stat pass="1" fail="0" skip="0">CON0001</stat>
<stat pass="1" fail="0" skip="0">ETAT:Stable</stat>
<stat pass="1" fail="0" skip="0">PRIORITE:P1</stat>
<stat pass="1" fail="0" skip="0">TYPE:CONSERTO</stat>
</tag>
<suite>
<stat name="Tests" id="s1" pass="1" fail="0" skip="0">Tests</stat>
<stat name="TestSuites" id="s1-s1" pass="1" fail="0" skip="0">Tests.TestSuites</stat>
<stat name="Conserto" id="s1-s1-s1" pass="1" fail="0" skip="0">Tests.TestSuites.Conserto</stat>
<stat name="Conserto 1" id="s1-s1-s1-s1" pass="1" fail="0" skip="0">Tests.TestSuites.Conserto.Conserto 1</stat>
</suite>
</statistics>
<errors>
<msg time="2025-06-13T10:06:05.742725" level="ERROR">Error in file 'C:\Users\ibrahima.alata\OneDrive - CONSERTO\Bureau\PROJET\CONSERTO\Conserto-1\resources\Commun_conserto.robot' on line 8: Resource file '..\..\..\resources\Keywords.robot' does not exist.</msg>
<msg time="2025-06-13T10:06:05.743395" level="ERROR">Error in file 'C:\Users\ibrahima.alata\OneDrive - CONSERTO\Bureau\PROJET\CONSERTO\Conserto-1\resources\Commun_conserto.robot' on line 9: Resource file '..\..\..\Variables\Global_variables.robot' does not exist.</msg>
<msg time="2025-06-13T10:06:05.747254" level="ERROR">Error in file 'C:\Users\ibrahima.alata\OneDrive - CONSERTO\Bureau\PROJET\CONSERTO\Conserto-1\resources\Keywords.robot' on line 14: Resource file '..\..\..\resources\Commun_conserto.robot' does not exist.</msg>
<msg time="2025-06-13T10:06:05.747875" level="ERROR">Error in file 'C:\Users\ibrahima.alata\OneDrive - CONSERTO\Bureau\PROJET\CONSERTO\Conserto-1\resources\Keywords.robot' on line 15: Resource file '..\..\..\Variables\Global_variables.robot' does not exist.</msg>
<msg time="2025-06-13T10:06:05.762584" level="ERROR">Error in file 'C:\Users\ibrahima.alata\OneDrive - CONSERTO\Bureau\PROJET\CONSERTO\Conserto-1\Variables\Global_variables.robot' on line 13: Resource file '..\..\..\resources\Commun_conserto.robot' does not exist.</msg>
<msg time="2025-06-13T10:06:05.763250" level="ERROR">Error in file 'C:\Users\ibrahima.alata\OneDrive - CONSERTO\Bureau\PROJET\CONSERTO\Conserto-1\Variables\Global_variables.robot' on line 14: Resource file '..\..\..\resources\Keywords.robot' does not exist.</msg>
</errors>
</robot>
