<?xml version="1.0" encoding="UTF-8"?>
<robot generator="Robot 7.3 (Python 3.13.3 on win32)" generated="2025-06-13T09:17:43.065430" rpa="false" schemaversion="5">
<suite id="s1" name="Tests" source="C:\Users\ibrahima.alata\OneDrive - CONSERTO\Bureau\PROJET\CONSERTO\Conserto-1\Tests">
<suite id="s1-s1" name="TestSuites" source="C:\Users\ibrahima.alata\OneDrive - CONSERTO\Bureau\PROJET\CONSERTO\Conserto-1\Tests\TestSuites">
<suite id="s1-s1-s1" name="Conserto" source="C:\Users\ibrahima.alata\OneDrive - CONSERTO\Bureau\PROJET\CONSERTO\Conserto-1\Tests\TestSuites\Conserto">
<suite id="s1-s1-s1-s1" name="Conserto 1" source="C:\Users\ibrahima.alata\OneDrive - CONSERTO\Bureau\PROJET\CONSERTO\Conserto-1\Tests\TestSuites\Conserto\Conserto_1.robot">
<test id="s1-s1-s1-s1-t1" name="Automatisation du site conserto" line="28">
<kw name="Ouverture Navigateur" owner="Commun_conserto">
<kw name="Open Browser" owner="SeleniumLibrary">
<msg time="2025-06-13T09:17:43.371370" level="INFO">Opening browser 'chrome' to base url 'https://conserto.pro/'.</msg>
<arg>${URL}</arg>
<arg>browser=chrome</arg>
<doc>Opens a new browser instance to the optional ``url``.</doc>
<status status="PASS" start="2025-06-13T09:17:43.371143" elapsed="1.762860"/>
</kw>
<kw name="AWait Browser Ready And Complete" owner="Commun_conserto">
<kw name="Wait Until Page Is Loaded" owner="Commun_conserto">
<kw name="Wait Until Keyword Succeeds" owner="BuiltIn">
<kw name="Execute Javascript" owner="SeleniumLibrary">
<msg time="2025-06-13T09:17:45.138467" level="INFO">Executing JavaScript:
return document.readyState == "complete"
Without any arguments.</msg>
<arg>return document.readyState == "complete"</arg>
<doc>Executes the given JavaScript code with possible arguments.</doc>
<status status="PASS" start="2025-06-13T09:17:45.137698" elapsed="0.013285"/>
</kw>
<arg>10s</arg>
<arg>1s</arg>
<arg>Execute JavaScript</arg>
<arg>return document.readyState == "complete"</arg>
<doc>Runs the specified keyword and retries if it fails.</doc>
<status status="PASS" start="2025-06-13T09:17:45.136978" elapsed="0.014144"/>
</kw>
<status status="PASS" start="2025-06-13T09:17:45.136310" elapsed="0.014924"/>
</kw>
<status status="PASS" start="2025-06-13T09:17:45.135418" elapsed="0.015889"/>
</kw>
<kw name="Maximize Browser Window" owner="SeleniumLibrary">
<doc>Maximizes current browser window.</doc>
<status status="PASS" start="2025-06-13T09:17:45.151474" elapsed="0.081922"/>
</kw>
<kw name="Sleep" owner="BuiltIn">
<msg time="2025-06-13T09:17:45.734190" level="INFO">Slept 500 milliseconds.</msg>
<arg>0.5s</arg>
<doc>Pauses the test executed for the given time.</doc>
<status status="PASS" start="2025-06-13T09:17:45.233707" elapsed="0.500635"/>
</kw>
<kw name="Capture Et Sauvegarde" owner="Commun_conserto">
<kw name="Wait Until Keyword Succeeds" owner="BuiltIn">
<kw name="Capture Page Screenshot" owner="SeleniumLibrary">
<msg time="2025-06-13T09:17:46.019997" level="INFO" html="true">&lt;/td&gt;&lt;/tr&gt;&lt;tr&gt;&lt;td colspan="3"&gt;&lt;a href="Screenshot/capture_home.png"&gt;&lt;img src="Screenshot/capture_home.png" width="800px"&gt;&lt;/a&gt;</msg>
<arg>Screenshot/${image_name}.png</arg>
<doc>Takes a screenshot of the current page and embeds it into a log file.</doc>
<status status="PASS" start="2025-06-13T09:17:45.735319" elapsed="0.284850"/>
</kw>
<arg>10s</arg>
<arg>1s</arg>
<arg>Capture Page Screenshot</arg>
<arg>Screenshot/${image_name}.png</arg>
<doc>Runs the specified keyword and retries if it fails.</doc>
<status status="PASS" start="2025-06-13T09:17:45.735017" elapsed="0.285319"/>
</kw>
<arg>capture_home</arg>
<status status="PASS" start="2025-06-13T09:17:45.734622" elapsed="0.285845"/>
</kw>
<arg>${URL_CONSERTO}</arg>
<status status="PASS" start="2025-06-13T09:17:43.370438" elapsed="2.650151"/>
</kw>
<kw name="Title Should Be" owner="SeleniumLibrary">
<msg time="2025-06-13T09:17:46.029904" level="INFO">Page title is 'Conserto - La Transformation Numérique Agile et Harmonieuse'.</msg>
<arg>${Title_1}</arg>
<doc>Verifies that the current page title equals ``title``.</doc>
<status status="PASS" start="2025-06-13T09:17:46.021151" elapsed="0.008855"/>
</kw>
<kw name="Vérifier Tous Les Mots Avec Une Boucle" owner="Commun_conserto">
<kw name="Get Source" owner="SeleniumLibrary">
<msg time="2025-06-13T09:17:46.040847" level="INFO">${html} = &lt;html&gt;&lt;head&gt;
    &lt;meta charset="UTF-8"&gt;
    &lt;meta name="description" content="Positive Technologie"&gt;
    &lt;meta http-equiv="Content-Type" content="text/html; charset=UTF-8"&gt;
    &lt;meta http-equiv="X-UA-...</msg>
<var>${html}</var>
<doc>Returns the entire HTML source of the current page or frame.</doc>
<status status="PASS" start="2025-06-13T09:17:46.030747" elapsed="0.010157"/>
</kw>
<for flavor="IN">
<iter>
<kw name="Should Contain" owner="BuiltIn">
<arg>${html}</arg>
<arg>${mot}</arg>
<doc>Fails if ``container`` does not contain ``item`` one or more times.</doc>
<status status="PASS" start="2025-06-13T09:17:46.041408" elapsed="0.000211"/>
</kw>
<kw name="Set Variable" owner="BuiltIn">
<msg time="2025-06-13T09:17:46.041928" level="INFO">${log} = Dev</msg>
<var>${log}</var>
<arg>${mot}</arg>
<doc>Returns the given values which can then be assigned to a variables.</doc>
<status status="PASS" start="2025-06-13T09:17:46.041743" elapsed="0.000215"/>
</kw>
<kw name="Log" owner="BuiltIn">
<msg time="2025-06-13T09:17:46.042203" level="INFO">Dev</msg>
<arg>${log}</arg>
<doc>Logs the given message with the given level.</doc>
<status status="PASS" start="2025-06-13T09:17:46.042073" elapsed="0.000181"/>
</kw>
<var name="${mot}">Dev</var>
<status status="PASS" start="2025-06-13T09:17:46.041274" elapsed="0.001027"/>
</iter>
<iter>
<kw name="Should Contain" owner="BuiltIn">
<arg>${html}</arg>
<arg>${mot}</arg>
<doc>Fails if ``container`` does not contain ``item`` one or more times.</doc>
<status status="PASS" start="2025-06-13T09:17:46.042529" elapsed="0.000178"/>
</kw>
<kw name="Set Variable" owner="BuiltIn">
<msg time="2025-06-13T09:17:46.042998" level="INFO">${log} = DevOps</msg>
<var>${log}</var>
<arg>${mot}</arg>
<doc>Returns the given values which can then be assigned to a variables.</doc>
<status status="PASS" start="2025-06-13T09:17:46.042836" elapsed="0.000193"/>
</kw>
<kw name="Log" owner="BuiltIn">
<msg time="2025-06-13T09:17:46.043267" level="INFO">DevOps</msg>
<arg>${log}</arg>
<doc>Logs the given message with the given level.</doc>
<status status="PASS" start="2025-06-13T09:17:46.043141" elapsed="0.000173"/>
</kw>
<var name="${mot}">DevOps</var>
<status status="PASS" start="2025-06-13T09:17:46.042434" elapsed="0.000927"/>
</iter>
<iter>
<kw name="Should Contain" owner="BuiltIn">
<arg>${html}</arg>
<arg>${mot}</arg>
<doc>Fails if ``container`` does not contain ``item`` one or more times.</doc>
<status status="PASS" start="2025-06-13T09:17:46.043575" elapsed="0.000176"/>
</kw>
<kw name="Set Variable" owner="BuiltIn">
<msg time="2025-06-13T09:17:46.044053" level="INFO">${log} = Infra/Cloud</msg>
<var>${log}</var>
<arg>${mot}</arg>
<doc>Returns the given values which can then be assigned to a variables.</doc>
<status status="PASS" start="2025-06-13T09:17:46.043887" elapsed="0.000197"/>
</kw>
<kw name="Log" owner="BuiltIn">
<msg time="2025-06-13T09:17:46.044335" level="INFO">Infra/Cloud</msg>
<arg>${log}</arg>
<doc>Logs the given message with the given level.</doc>
<status status="PASS" start="2025-06-13T09:17:46.044205" elapsed="0.000179"/>
</kw>
<var name="${mot}">Infra/Cloud</var>
<status status="PASS" start="2025-06-13T09:17:46.043479" elapsed="0.000954"/>
</iter>
<iter>
<kw name="Should Contain" owner="BuiltIn">
<arg>${html}</arg>
<arg>${mot}</arg>
<doc>Fails if ``container`` does not contain ``item`` one or more times.</doc>
<status status="PASS" start="2025-06-13T09:17:46.044640" elapsed="0.000185"/>
</kw>
<kw name="Set Variable" owner="BuiltIn">
<msg time="2025-06-13T09:17:46.045110" level="INFO">${log} = Agilité</msg>
<var>${log}</var>
<arg>${mot}</arg>
<doc>Returns the given values which can then be assigned to a variables.</doc>
<status status="PASS" start="2025-06-13T09:17:46.044943" elapsed="0.000199"/>
</kw>
<kw name="Log" owner="BuiltIn">
<msg time="2025-06-13T09:17:46.045554" level="INFO">Agilité</msg>
<arg>${log}</arg>
<doc>Logs the given message with the given level.</doc>
<status status="PASS" start="2025-06-13T09:17:46.045414" elapsed="0.000195"/>
</kw>
<var name="${mot}">Agilité</var>
<status status="PASS" start="2025-06-13T09:17:46.044546" elapsed="0.001113"/>
</iter>
<iter>
<kw name="Should Contain" owner="BuiltIn">
<arg>${html}</arg>
<arg>${mot}</arg>
<doc>Fails if ``container`` does not contain ``item`` one or more times.</doc>
<status status="PASS" start="2025-06-13T09:17:46.045873" elapsed="0.000186"/>
</kw>
<kw name="Set Variable" owner="BuiltIn">
<msg time="2025-06-13T09:17:46.046342" level="INFO">${log} = Agence Web</msg>
<var>${log}</var>
<arg>${mot}</arg>
<doc>Returns the given values which can then be assigned to a variables.</doc>
<status status="PASS" start="2025-06-13T09:17:46.046176" elapsed="0.000197"/>
</kw>
<kw name="Log" owner="BuiltIn">
<msg time="2025-06-13T09:17:46.046619" level="INFO">Agence Web</msg>
<arg>${log}</arg>
<doc>Logs the given message with the given level.</doc>
<status status="PASS" start="2025-06-13T09:17:46.046489" elapsed="0.000179"/>
</kw>
<var name="${mot}">Agence Web</var>
<status status="PASS" start="2025-06-13T09:17:46.045779" elapsed="0.000936"/>
</iter>
<iter>
<kw name="Should Contain" owner="BuiltIn">
<arg>${html}</arg>
<arg>${mot}</arg>
<doc>Fails if ``container`` does not contain ``item`` one or more times.</doc>
<status status="PASS" start="2025-06-13T09:17:46.046925" elapsed="0.000221"/>
</kw>
<kw name="Set Variable" owner="BuiltIn">
<msg time="2025-06-13T09:17:46.047433" level="INFO">${log} = Culture Agile</msg>
<var>${log}</var>
<arg>${mot}</arg>
<doc>Returns the given values which can then be assigned to a variables.</doc>
<status status="PASS" start="2025-06-13T09:17:46.047265" elapsed="0.000199"/>
</kw>
<kw name="Log" owner="BuiltIn">
<msg time="2025-06-13T09:17:46.047709" level="INFO">Culture Agile</msg>
<arg>${log}</arg>
<doc>Logs the given message with the given level.</doc>
<status status="PASS" start="2025-06-13T09:17:46.047580" elapsed="0.000178"/>
</kw>
<var name="${mot}">Culture Agile</var>
<status status="PASS" start="2025-06-13T09:17:46.046832" elapsed="0.000975"/>
</iter>
<iter>
<kw name="Should Contain" owner="BuiltIn">
<arg>${html}</arg>
<arg>${mot}</arg>
<doc>Fails if ``container`` does not contain ``item`` one or more times.</doc>
<status status="PASS" start="2025-06-13T09:17:46.048013" elapsed="0.000178"/>
</kw>
<kw name="Set Variable" owner="BuiltIn">
<msg time="2025-06-13T09:17:46.048471" level="INFO">${log} = Positive Technologie</msg>
<var>${log}</var>
<arg>${mot}</arg>
<doc>Returns the given values which can then be assigned to a variables.</doc>
<status status="PASS" start="2025-06-13T09:17:46.048309" elapsed="0.000196"/>
</kw>
<kw name="Log" owner="BuiltIn">
<msg time="2025-06-13T09:17:46.048745" level="INFO">Positive Technologie</msg>
<arg>${log}</arg>
<doc>Logs the given message with the given level.</doc>
<status status="PASS" start="2025-06-13T09:17:46.048618" elapsed="0.000176"/>
</kw>
<var name="${mot}">Positive Technologie</var>
<status status="PASS" start="2025-06-13T09:17:46.047921" elapsed="0.000920"/>
</iter>
<var>${mot}</var>
<value>@{mots_attendus}</value>
<status status="PASS" start="2025-06-13T09:17:46.041029" elapsed="0.007862"/>
</for>
<status status="PASS" start="2025-06-13T09:17:46.030450" elapsed="0.018533"/>
</kw>
<kw name="Action Scroll" owner="Commun_conserto">
<kw name="Wait Until Keyword Succeeds" owner="BuiltIn">
<kw name="Wait Until Element Is Visible" owner="SeleniumLibrary">
<arg>${element}</arg>
<arg>60</arg>
<doc>Waits until the element ``locator`` is visible.</doc>
<status status="PASS" start="2025-06-13T09:17:46.049895" elapsed="0.023841"/>
</kw>
<arg>2 x</arg>
<arg>2 s</arg>
<arg>Wait Until Element Is Visible</arg>
<arg>${element}</arg>
<arg>60</arg>
<doc>Runs the specified keyword and retries if it fails.</doc>
<status status="PASS" start="2025-06-13T09:17:46.049658" elapsed="0.024190"/>
</kw>
<kw name="Scroll Element Into View" owner="SeleniumLibrary">
<arg>${element}</arg>
<doc>Scrolls the element identified by ``locator`` into view.</doc>
<status status="PASS" start="2025-06-13T09:17:46.073989" elapsed="0.287177"/>
</kw>
<arg>${footer}</arg>
<status status="PASS" start="2025-06-13T09:17:46.049338" elapsed="0.312009"/>
</kw>
<kw name="Capture Et Sauvegarde" owner="Commun_conserto">
<kw name="Wait Until Keyword Succeeds" owner="BuiltIn">
<kw name="Capture Page Screenshot" owner="SeleniumLibrary">
<msg time="2025-06-13T09:17:46.531525" level="INFO" html="true">&lt;/td&gt;&lt;/tr&gt;&lt;tr&gt;&lt;td colspan="3"&gt;&lt;a href="Screenshot/capture_footer.png"&gt;&lt;img src="Screenshot/capture_footer.png" width="800px"&gt;&lt;/a&gt;</msg>
<arg>Screenshot/${image_name}.png</arg>
<doc>Takes a screenshot of the current page and embeds it into a log file.</doc>
<status status="PASS" start="2025-06-13T09:17:46.362726" elapsed="0.168955"/>
</kw>
<arg>10s</arg>
<arg>1s</arg>
<arg>Capture Page Screenshot</arg>
<arg>Screenshot/${image_name}.png</arg>
<doc>Runs the specified keyword and retries if it fails.</doc>
<status status="PASS" start="2025-06-13T09:17:46.362339" elapsed="0.169509"/>
</kw>
<arg>capture_footer</arg>
<status status="PASS" start="2025-06-13T09:17:46.361888" elapsed="0.170084"/>
</kw>
<kw name="Nettoyer Dossier Logs" owner="Commun_conserto">
<kw name="Create Directory" owner="OperatingSystem">
<msg time="2025-06-13T09:17:46.533129" level="INFO" html="true">Directory '&lt;a href="file://C:\Users\ibrahima.alata\OneDrive - CONSERTO\Bureau\PROJET\CONSERTO\Conserto-1\Logs"&gt;C:\Users\ibrahima.alata\OneDrive - CONSERTO\Bureau\PROJET\CONSERTO\Conserto-1\Logs&lt;/a&gt;' already exists.</msg>
<arg>${destination}</arg>
<doc>Creates the specified directory.</doc>
<status status="PASS" start="2025-06-13T09:17:46.532841" elapsed="0.000366"/>
</kw>
<status status="PASS" start="2025-06-13T09:17:46.532376" elapsed="0.000955"/>
</kw>
<kw name="Close Browser" owner="SeleniumLibrary" type="TEARDOWN">
<doc>Closes the current browser.</doc>
<status status="PASS" start="2025-06-13T09:17:46.533746" elapsed="2.242731"/>
</kw>
<doc>Scénario CONSERTO-CON0001 : Vérifier quelques éléments du site conserto.
JDD : Salarié chez conserto, ayant une adresse mail et un mot de passe actifs.</doc>
<tag>CON0001</tag>
<tag>ETAT:Stable</tag>
<tag>PRIORITE:P1</tag>
<tag>TYPE:CONSERTO</tag>
<status status="PASS" start="2025-06-13T09:17:43.369475" elapsed="5.408011"/>
</test>
<doc>CONSERTO</doc>
<status status="PASS" start="2025-06-13T09:17:43.104806" elapsed="5.676647"/>
</suite>
<status status="PASS" start="2025-06-13T09:17:43.103648" elapsed="5.682883"/>
</suite>
<status status="PASS" start="2025-06-13T09:17:43.102177" elapsed="5.689169"/>
</suite>
<status status="PASS" start="2025-06-13T09:17:43.067828" elapsed="5.728392"/>
</suite>
<statistics>
<total>
<stat pass="1" fail="0" skip="0">All Tests</stat>
</total>
<tag>
<stat pass="1" fail="0" skip="0">CON0001</stat>
<stat pass="1" fail="0" skip="0">ETAT:Stable</stat>
<stat pass="1" fail="0" skip="0">PRIORITE:P1</stat>
<stat pass="1" fail="0" skip="0">TYPE:CONSERTO</stat>
</tag>
<suite>
<stat name="Tests" id="s1" pass="1" fail="0" skip="0">Tests</stat>
<stat name="TestSuites" id="s1-s1" pass="1" fail="0" skip="0">Tests.TestSuites</stat>
<stat name="Conserto" id="s1-s1-s1" pass="1" fail="0" skip="0">Tests.TestSuites.Conserto</stat>
<stat name="Conserto 1" id="s1-s1-s1-s1" pass="1" fail="0" skip="0">Tests.TestSuites.Conserto.Conserto 1</stat>
</suite>
</statistics>
<errors>
</errors>
</robot>
